<?xml version="1.0" encoding="UTF-8"?>
<!-- Generated by org.testng.reporters.JUnitXMLReporter -->
<testsuite ignored="0" hostname="LAPTOP-49NH7S8J" failures="0" tests="4" name="Test" time="32.942" errors="0" timestamp="2025-07-15T23:13:25 IST">
  <testcase classname="docker.ChromeTest1" name="test" time="6.665"/>
  <testcase classname="docker.FirefoxTest4" name="test" time="8.576"/>
  <testcase classname="docker.ChromeTest3" name="test" time="11.098"/>
  <testcase classname="docker.ChromeTest2" name="test" time="12.833"/>
</testsuite> <!-- Test -->
