<?xml version="1.0" encoding="UTF-8"?>
<!-- Generated by org.testng.reporters.JUnitXMLReporter -->
<testsuite ignored="0" hostname="LAPTOP-49NH7S8J" failures="0" tests="4" name="Test" time="33.655" errors="0" timestamp="2025-07-14T23:53:25 IST">
  <testcase classname="docker.ChromeTest2" name="test" time="3.213"/>
  <testcase classname="docker.ChromeTest1" name="test" time="8.911"/>
  <testcase classname="docker.FirefoxTest4" name="test" time="11.112"/>
  <testcase classname="docker.ChromeTest3" name="test" time="13.556"/>
</testsuite> <!-- Test -->
