<?xml version="1.0" encoding="UTF-8"?>
<!-- Generated by org.testng.reporters.JUnitXMLReporter -->
<testsuite ignored="0" hostname="LAPTOP-49NH7S8J" failures="0" tests="4" name="Test" time="36.45" errors="0" timestamp="2025-07-15T23:33:54 IST">
  <testcase classname="docker.FirefoxTest4" name="test" time="8.12"/>
  <testcase classname="docker.ChromeTest3" name="test" time="8.994"/>
  <testcase classname="docker.ChromeTest1" name="test" time="13.087"/>
  <testcase classname="docker.ChromeTest2" name="test" time="16.37"/>
</testsuite> <!-- Test -->
