<?xml version="1.0" encoding="UTF-8"?>
<testng-results ignored="0" total="4" passed="4" failed="0" skipped="0">
  <reporter-output>
  </reporter-output>
  <suite started-at="2025-07-15T22:54:29 IST" name="Suite" finished-at="2025-07-15T22:55:06 IST" duration-ms="36253">
    <groups>
    </groups>
    <test started-at="2025-07-15T22:54:29 IST" name="Test" finished-at="2025-07-15T22:55:06 IST" duration-ms="36253">
      <class name="docker.ChromeTest1">
        <test-method signature="test()[pri:0, instance:docker.ChromeTest1@8dbdac1]" started-at="2025-07-15T22:54:45 IST" name="test" finished-at="2025-07-15T22:54:56 IST" duration-ms="11944" status="PASS">
          <reporter-output>
          </reporter-output>
        </test-method> <!-- test -->
      </class> <!-- docker.ChromeTest1 -->
      <class name="docker.Setup_DockerGrid">
        <test-method is-config="true" signature="startDockerGrid()[pri:0, instance:docker.Setup_DockerGrid@40ef3420]" started-at="2025-07-15T22:54:29 IST" name="startDockerGrid" finished-at="2025-07-15T22:54:44 IST" duration-ms="15030" status="PASS">
          <reporter-output>
          </reporter-output>
        </test-method> <!-- startDockerGrid -->
        <test-method is-config="true" signature="stopDockerGrid()[pri:0, instance:docker.Setup_DockerGrid@40ef3420]" started-at="2025-07-15T22:55:01 IST" name="stopDockerGrid" finished-at="2025-07-15T22:55:06 IST" duration-ms="5043" status="PASS">
          <reporter-output>
          </reporter-output>
        </test-method> <!-- stopDockerGrid -->
      </class> <!-- docker.Setup_DockerGrid -->
      <class name="docker.ChromeTest3">
        <test-method signature="test()[pri:0, instance:docker.ChromeTest3@6e20b53a]" started-at="2025-07-15T22:54:45 IST" name="test" finished-at="2025-07-15T22:54:53 IST" duration-ms="8212" status="PASS">
          <reporter-output>
          </reporter-output>
        </test-method> <!-- test -->
      </class> <!-- docker.ChromeTest3 -->
      <class name="docker.ChromeTest2">
        <test-method signature="test()[pri:0, instance:docker.ChromeTest2@71809907]" started-at="2025-07-15T22:54:45 IST" name="test" finished-at="2025-07-15T22:55:01 IST" duration-ms="16135" status="PASS">
          <reporter-output>
          </reporter-output>
        </test-method> <!-- test -->
      </class> <!-- docker.ChromeTest2 -->
      <class name="docker.FirefoxTest4">
        <test-method signature="test()[pri:0, instance:docker.FirefoxTest4@32eff876]" started-at="2025-07-15T22:54:45 IST" name="test" finished-at="2025-07-15T22:54:54 IST" duration-ms="9965" status="PASS">
          <reporter-output>
          </reporter-output>
        </test-method> <!-- test -->
      </class> <!-- docker.FirefoxTest4 -->
    </test> <!-- Test -->
  </suite> <!-- Suite -->
</testng-results>
