<?xml version="1.0" encoding="UTF-8"?>
<testng-results ignored="0" total="4" passed="4" failed="0" skipped="0">
  <reporter-output>
  </reporter-output>
  <suite started-at="2025-07-15T23:33:17 IST" name="Suite" finished-at="2025-07-15T23:33:54 IST" duration-ms="36450">
    <groups>
    </groups>
    <test started-at="2025-07-15T23:33:17 IST" name="Test" finished-at="2025-07-15T23:33:54 IST" duration-ms="36450">
      <class name="docker.ChromeTest1">
        <test-method signature="test()[pri:0, instance:docker.ChromeTest1@6f1fa1d0]" started-at="2025-07-15T23:33:32 IST" name="test" finished-at="2025-07-15T23:33:45 IST" duration-ms="13087" status="PASS">
          <reporter-output>
          </reporter-output>
        </test-method> <!-- test -->
      </class> <!-- docker.ChromeTest1 -->
      <class name="docker.Setup_DockerGrid">
        <test-method is-config="true" signature="startDockerGrid()[pri:0, instance:docker.Setup_DockerGrid@5dbab232]" started-at="2025-07-15T23:33:17 IST" name="startDockerGrid" finished-at="2025-07-15T23:33:32 IST" duration-ms="15019" status="PASS">
          <reporter-output>
          </reporter-output>
        </test-method> <!-- startDockerGrid -->
        <test-method is-config="true" signature="stopDockerGrid()[pri:0, instance:docker.Setup_DockerGrid@5dbab232]" started-at="2025-07-15T23:33:49 IST" name="stopDockerGrid" finished-at="2025-07-15T23:33:54 IST" duration-ms="5016" status="PASS">
          <reporter-output>
          </reporter-output>
        </test-method> <!-- stopDockerGrid -->
      </class> <!-- docker.Setup_DockerGrid -->
      <class name="docker.ChromeTest3">
        <test-method signature="test()[pri:0, instance:docker.ChromeTest3@28b523a]" started-at="2025-07-15T23:33:32 IST" name="test" finished-at="2025-07-15T23:33:41 IST" duration-ms="8994" status="PASS">
          <reporter-output>
          </reporter-output>
        </test-method> <!-- test -->
      </class> <!-- docker.ChromeTest3 -->
      <class name="docker.ChromeTest2">
        <test-method signature="test()[pri:0, instance:docker.ChromeTest2@52ba685a]" started-at="2025-07-15T23:33:32 IST" name="test" finished-at="2025-07-15T23:33:49 IST" duration-ms="16370" status="PASS">
          <reporter-output>
          </reporter-output>
        </test-method> <!-- test -->
      </class> <!-- docker.ChromeTest2 -->
      <class name="docker.FirefoxTest4">
        <test-method signature="test()[pri:0, instance:docker.FirefoxTest4@539c4830]" started-at="2025-07-15T23:33:32 IST" name="test" finished-at="2025-07-15T23:33:40 IST" duration-ms="8120" status="PASS">
          <reporter-output>
          </reporter-output>
        </test-method> <!-- test -->
      </class> <!-- docker.FirefoxTest4 -->
    </test> <!-- Test -->
  </suite> <!-- Suite -->
</testng-results>
